<?xml version="1.0" encoding="UTF-8"?>
<!-- Generated by org.testng.reporters.JUnitReportReporter -->
<testsuite hostname="DESKTOP-Q5QJVGC" failures="0" tests="2" name="FirstProject.E2Ecleanwithdataprovider" time="12.285" errors="0" timestamp="2023-06-14T21:05:03 GST" skipped="0">
  <testcase classname="FirstProject.E2Ecleanwithdataprovider" name="Greenkart" time="5.714"/>
  <system-out/>
  <testcase classname="FirstProject.E2Ecleanwithdataprovider" name="Greenkart" time="6.571"/>
  <system-out/>
</testsuite> <!-- FirstProject.E2Ecleanwithdataprovider -->
