<?xml version="1.0" encoding="UTF-8"?>
<!-- Generated by org.testng.reporters.JUnitReportReporter -->
<testsuite hostname="DESKTOP-Q5QJVGC" failures="0" tests="1" name="FirstProject.errorvalidatin" time="6.037" errors="0" timestamp="2023-06-14T20:56:18 GST" skipped="0">
  <testcase classname="FirstProject.errorvalidatin" name="Greenkart" time="6.037"/>
  <system-out/>
</testsuite> <!-- FirstProject.errorvalidatin -->
