<?xml version="1.0" encoding="UTF-8"?>
<!-- Generated by org.testng.reporters.JUnitReportReporter -->
<testsuite hostname="DESKTOP-Q5QJVGC" failures="0" tests="1" name="FirstProject.E2Eclean" time="7.619" errors="0" timestamp="2023-06-14T21:04:30 GST" skipped="0">
  <testcase classname="FirstProject.E2Eclean" name="Greenkart" time="7.619"/>
  <system-out/>
</testsuite> <!-- FirstProject.E2Eclean -->
